<?xml version="1.0" encoding="UTF-8"?>
<!-- Generated by org.testng.reporters.JUnitReportReporter -->
<testsuite hostname="LAPTOP-G5KEBRKS" failures="0" tests="1" name="org.makemytrip.bookTicket.BookFlightTicketTest" time="51.105" errors="0" timestamp="2022-10-18T16:48:18 IST" skipped="0">
  <testcase classname="org.makemytrip.bookTicket.BookFlightTicketTest" name="bookFlightTicketTest" time="51.105"/>
  <system-out/>
</testsuite> <!-- org.makemytrip.bookTicket.BookFlightTicketTest -->
